<?xml version="1.0" encoding="UTF-8"?>
<!-- Generated by org.testng.reporters.JUnitReportReporter -->
<testsuite hostname="GURU" failures="1" tests="11" name="recon.test.TestCaseBatch_2_Execution" time="1.060" errors="0" timestamp="2024-07-31T16:05:13 IST" skipped="1">
  <testcase classname="recon.test.TestCaseBatch_2_Execution" name="batch1" time="0.018"/>
  <system-out/>
  <testcase classname="recon.test.TestCaseBatch_2_Execution" name="batch2" time="0.072"/>
  <system-out/>
  <testcase classname="recon.test.TestCaseBatch_2_Execution" name="batch3" time="0.074"/>
  <system-out/>
  <testcase classname="recon.test.TestCaseBatch_2_Execution" name="batch4" time="0.099"/>
  <system-out/>
  <testcase classname="recon.test.TestCaseBatch_2_Execution" name="batch5" time="0.164"/>
  <system-out/>
  <testcase classname="recon.test.TestCaseBatch_2_Execution" name="batch6" time="0.176"/>
  <system-out/>
  <testcase classname="recon.test.TestCaseBatch_2_Execution" name="batch7" time="0.108"/>
  <system-out/>
  <testcase classname="recon.test.TestCaseBatch_2_Execution" name="batch8" time="0.116"/>
  <system-out/>
  <testcase classname="recon.test.TestCaseBatch_2_Execution" name="batch9" time="0.145"/>
  <system-out/>
  <testcase classname="recon.test.TestCaseBatch_2_Execution" name="batch10" time="0.088">
    <failure message="The following asserts failed:
	payoutWD file count not matching on 2024/07/07 expected [1] but found [2],
	payout without payload file count not matching on 2024/07/07 expected [0] but found [1]" type="java.lang.AssertionError">
      <![CDATA[java.lang.AssertionError: The following asserts failed:
payoutWD file count not matching on 2024/07/07 expected [1] but found [2],
payout without payload file count not matching on 2024/07/07 expected [0] but found [1]
at org.testng.asserts.SoftAssert.assertAll(SoftAssert.java:46)
at org.testng.asserts.SoftAssert.assertAll(SoftAssert.java:30)
at recon.test.ReconTestExecution.validateEntryCount(ReconTestExecution.java:713)
at recon.test.TestCaseBatch_2_Execution.batch10(TestCaseBatch_2_Execution.java:83)
at java.base/jdk.internal.reflect.NativeMethodAccessorImpl.invoke0(Native Method)
at java.base/jdk.internal.reflect.NativeMethodAccessorImpl.invoke(NativeMethodAccessorImpl.java:77)
at java.base/jdk.internal.reflect.DelegatingMethodAccessorImpl.invoke(DelegatingMethodAccessorImpl.java:43)
at java.base/java.lang.reflect.Method.invoke(Method.java:568)
at org.testng.internal.invokers.MethodInvocationHelper.invokeMethod(MethodInvocationHelper.java:139)
at org.testng.internal.invokers.TestInvoker.invokeMethod(TestInvoker.java:677)
at org.testng.internal.invokers.TestInvoker.invokeTestMethod(TestInvoker.java:221)
at org.testng.internal.invokers.MethodRunner.runInSequence(MethodRunner.java:50)
at org.testng.internal.invokers.TestInvoker$MethodInvocationAgent.invoke(TestInvoker.java:969)
at org.testng.internal.invokers.TestInvoker.invokeTestMethods(TestInvoker.java:194)
at org.testng.internal.invokers.TestMethodWorker.invokeTestMethods(TestMethodWorker.java:148)
at org.testng.internal.invokers.TestMethodWorker.run(TestMethodWorker.java:128)
at java.base/java.util.ArrayList.forEach(ArrayList.java:1511)
at org.testng.TestRunner.privateRun(TestRunner.java:829)
at org.testng.TestRunner.run(TestRunner.java:602)
at org.testng.SuiteRunner.runTest(SuiteRunner.java:437)
at org.testng.SuiteRunner.runSequentially(SuiteRunner.java:431)
at org.testng.SuiteRunner.privateRun(SuiteRunner.java:391)
at org.testng.SuiteRunner.run(SuiteRunner.java:330)
at org.testng.SuiteRunnerWorker.runSuite(SuiteRunnerWorker.java:52)
at org.testng.SuiteRunnerWorker.run(SuiteRunnerWorker.java:95)
at org.testng.TestNG.runSuitesSequentially(TestNG.java:1256)
at org.testng.TestNG.runSuitesLocally(TestNG.java:1176)
at org.testng.TestNG.runSuites(TestNG.java:1099)
at org.testng.TestNG.run(TestNG.java:1067)
at org.testng.remote.AbstractRemoteTestNG.run(AbstractRemoteTestNG.java:115)
at org.testng.remote.RemoteTestNG.initAndRun(RemoteTestNG.java:251)
at org.testng.remote.RemoteTestNG.main(RemoteTestNG.java:77)
]]>
    </failure>
  </testcase> <!-- batch10 -->
  <system-out/>
  <testcase classname="recon.test.TestCaseBatch_2_Execution" name="batch11" time="0.000">
    <skipped/>
  </testcase> <!-- batch11 -->
  <system-out/>
</testsuite> <!-- recon.test.TestCaseBatch_2_Execution -->
